<?xml version="1.0" encoding="UTF-8"?>
<testng-results ignored="0" total="5" passed="4" failed="1" skipped="0">
  <reporter-output>
  </reporter-output>
  <suite started-at="2025-07-15T18:29:39 PKT" name="MySuite" finished-at="2025-07-15T18:39:57 PKT" duration-ms="618217">
    <groups>
    </groups>
    <test started-at="2025-07-15T18:29:39 PKT" name="MyTests" finished-at="2025-07-15T18:39:57 PKT" duration-ms="618217">
      <class name="tests.LoginTest">
        <test-method is-config="true" signature="setUp()[pri:0, instance:tests.LoginTest@635eaaf1]" started-at="2025-07-15T18:29:39 PKT" name="setUp" finished-at="2025-07-15T18:29:41 PKT" duration-ms="2265" status="PASS">
          <reporter-output>
          </reporter-output>
        </test-method> <!-- setUp -->
        <test-method signature="testloginfunctionality()[pri:1, instance:tests.LoginTest@635eaaf1]" started-at="2025-07-15T18:29:41 PKT" name="testloginfunctionality" finished-at="2025-07-15T18:30:00 PKT" duration-ms="19031" status="PASS">
          <reporter-output>
          </reporter-output>
        </test-method> <!-- testloginfunctionality -->
        <test-method is-config="true" signature="tearDown()[pri:0, instance:tests.LoginTest@635eaaf1]" started-at="2025-07-15T18:30:00 PKT" name="tearDown" finished-at="2025-07-15T18:30:00 PKT" duration-ms="0" status="PASS">
          <reporter-output>
          </reporter-output>
        </test-method> <!-- tearDown -->
      </class> <!-- tests.LoginTest -->
      <class name="tests.AmlReportTest">
        <test-method is-config="true" signature="setUp()[pri:0, instance:tests.AmlReportTest@7334aada]" started-at="2025-07-15T18:37:51 PKT" name="setUp" finished-at="2025-07-15T18:37:53 PKT" duration-ms="1675" status="PASS">
          <reporter-output>
          </reporter-output>
        </test-method> <!-- setUp -->
        <test-method signature="validateamlreport()[pri:5, instance:tests.AmlReportTest@7334aada]" started-at="2025-07-15T18:37:53 PKT" name="validateamlreport" finished-at="2025-07-15T18:38:37 PKT" duration-ms="44176" status="PASS">
          <reporter-output>
          </reporter-output>
        </test-method> <!-- validateamlreport -->
        <test-method is-config="true" signature="tearDown()[pri:0, instance:tests.AmlReportTest@7334aada]" started-at="2025-07-15T18:38:37 PKT" name="tearDown" finished-at="2025-07-15T18:38:37 PKT" duration-ms="0" status="PASS">
          <reporter-output>
          </reporter-output>
        </test-method> <!-- tearDown -->
      </class> <!-- tests.AmlReportTest -->
      <class name="tests.IpcaTest">
        <test-method is-config="true" signature="setUp()[pri:0, instance:tests.IpcaTest@61862a7f]" started-at="2025-07-15T18:30:00 PKT" name="setUp" finished-at="2025-07-15T18:30:01 PKT" duration-ms="1290" status="PASS">
          <reporter-output>
          </reporter-output>
        </test-method> <!-- setUp -->
        <test-method signature="ipcclasscflow()[pri:2, instance:tests.IpcaTest@61862a7f]" started-at="2025-07-15T18:30:01 PKT" name="ipcclasscflow" finished-at="2025-07-15T18:33:56 PKT" duration-ms="234970" status="PASS">
          <reporter-output>
          </reporter-output>
        </test-method> <!-- ipcclasscflow -->
        <test-method is-config="true" signature="tearDown()[pri:0, instance:tests.IpcaTest@61862a7f]" started-at="2025-07-15T18:33:56 PKT" name="tearDown" finished-at="2025-07-15T18:33:56 PKT" duration-ms="1" status="PASS">
          <reporter-output>
          </reporter-output>
        </test-method> <!-- tearDown -->
      </class> <!-- tests.IpcaTest -->
      <class name="tests.IpccTest">
        <test-method is-config="true" signature="setUp()[pri:0, instance:tests.IpccTest@441772e]" started-at="2025-07-15T18:33:56 PKT" name="setUp" finished-at="2025-07-15T18:33:58 PKT" duration-ms="1669" status="PASS">
          <reporter-output>
          </reporter-output>
        </test-method> <!-- setUp -->
        <test-method signature="ipcclasscflow()[pri:3, instance:tests.IpccTest@441772e]" started-at="2025-07-15T18:33:58 PKT" name="ipcclasscflow" finished-at="2025-07-15T18:37:51 PKT" duration-ms="233524" status="PASS">
          <reporter-output>
          </reporter-output>
        </test-method> <!-- ipcclasscflow -->
        <test-method is-config="true" signature="tearDown()[pri:0, instance:tests.IpccTest@441772e]" started-at="2025-07-15T18:37:51 PKT" name="tearDown" finished-at="2025-07-15T18:37:51 PKT" duration-ms="1" status="PASS">
          <reporter-output>
          </reporter-output>
        </test-method> <!-- tearDown -->
      </class> <!-- tests.IpccTest -->
      <class name="tests.BomReportTest">
        <test-method is-config="true" signature="setUp()[pri:0, instance:tests.BomReportTest@1d9b7cce]" started-at="2025-07-15T18:38:37 PKT" name="setUp" finished-at="2025-07-15T18:38:39 PKT" duration-ms="1342" status="PASS">
          <reporter-output>
          </reporter-output>
        </test-method> <!-- setUp -->
        <test-method signature="validatebomreport()[pri:4, instance:tests.BomReportTest@1d9b7cce]" started-at="2025-07-15T18:38:39 PKT" name="validatebomreport" finished-at="2025-07-15T18:39:57 PKT" duration-ms="78148" status="FAIL">
          <exception class="org.openqa.selenium.NoSuchElementException">
            <message>
              <![CDATA[no such element: Unable to locate element: {"method":"xpath","selector":"//div[text()='AUT-SPECIFICATIONHOMOG']"}
  (Session info: chrome=138.0.7204.100)
For documentation on this error, please visit: https://www.selenium.dev/documentation/webdriver/troubleshooting/errors#no-such-element-exception
Build info: version: '4.19.0', revision: '5f9cec8963'
System info: os.name: 'Linux', os.arch: 'amd64', os.version: '6.8.0-60-generic', java.version: '11.0.27'
Driver info: org.openqa.selenium.chrome.ChromeDriver
Command: [5c96cbb50415495919d4293e7d5ad971, findElement {using=xpath, value=//div[text()='AUT-SPECIFICATIONHOMOG']}]
Capabilities {acceptInsecureCerts: false, browserName: chrome, browserVersion: 138.0.7204.100, chrome: {chromedriverVersion: 138.0.7204.92 (f079b9bc781e..., userDataDir: /tmp/.org.chromium.Chromium...}, fedcm:accounts: true, goog:chromeOptions: {debuggerAddress: localhost:35509}, networkConnectionEnabled: false, pageLoadStrategy: normal, platformName: linux, proxy: Proxy(), se:cdp: ws://localhost:35509/devtoo..., se:cdpVersion: 138.0.7204.100, setWindowRect: true, strictFileInteractability: false, timeouts: {implicit: 0, pageLoad: 300000, script: 30000}, unhandledPromptBehavior: dismiss and notify, webauthn:extension:credBlob: true, webauthn:extension:largeBlob: true, webauthn:extension:minPinLength: true, webauthn:extension:prf: true, webauthn:virtualAuthenticators: true}
Session ID: 5c96cbb50415495919d4293e7d5ad971]]>
            </message>
            <full-stacktrace>
              <![CDATA[org.openqa.selenium.NoSuchElementException: no such element: Unable to locate element: {"method":"xpath","selector":"//div[text()='AUT-SPECIFICATIONHOMOG']"}
  (Session info: chrome=138.0.7204.100)
For documentation on this error, please visit: https://www.selenium.dev/documentation/webdriver/troubleshooting/errors#no-such-element-exception
Build info: version: '4.19.0', revision: '5f9cec8963'
System info: os.name: 'Linux', os.arch: 'amd64', os.version: '6.8.0-60-generic', java.version: '11.0.27'
Driver info: org.openqa.selenium.chrome.ChromeDriver
Command: [5c96cbb50415495919d4293e7d5ad971, findElement {using=xpath, value=//div[text()='AUT-SPECIFICATIONHOMOG']}]
Capabilities {acceptInsecureCerts: false, browserName: chrome, browserVersion: 138.0.7204.100, chrome: {chromedriverVersion: 138.0.7204.92 (f079b9bc781e..., userDataDir: /tmp/.org.chromium.Chromium...}, fedcm:accounts: true, goog:chromeOptions: {debuggerAddress: localhost:35509}, networkConnectionEnabled: false, pageLoadStrategy: normal, platformName: linux, proxy: Proxy(), se:cdp: ws://localhost:35509/devtoo..., se:cdpVersion: 138.0.7204.100, setWindowRect: true, strictFileInteractability: false, timeouts: {implicit: 0, pageLoad: 300000, script: 30000}, unhandledPromptBehavior: dismiss and notify, webauthn:extension:credBlob: true, webauthn:extension:largeBlob: true, webauthn:extension:minPinLength: true, webauthn:extension:prf: true, webauthn:virtualAuthenticators: true}
Session ID: 5c96cbb50415495919d4293e7d5ad971
at java.base/jdk.internal.reflect.NativeConstructorAccessorImpl.newInstance0(Native Method)
at java.base/jdk.internal.reflect.NativeConstructorAccessorImpl.newInstance(NativeConstructorAccessorImpl.java:62)
at java.base/jdk.internal.reflect.DelegatingConstructorAccessorImpl.newInstance(DelegatingConstructorAccessorImpl.java:45)
at java.base/java.lang.reflect.Constructor.newInstance(Constructor.java:490)
at org.openqa.selenium.remote.ErrorCodec.decode(ErrorCodec.java:167)
at org.openqa.selenium.remote.codec.w3c.W3CHttpResponseCodec.decode(W3CHttpResponseCodec.java:138)
at org.openqa.selenium.remote.codec.w3c.W3CHttpResponseCodec.decode(W3CHttpResponseCodec.java:50)
at org.openqa.selenium.remote.HttpCommandExecutor.execute(HttpCommandExecutor.java:190)
at org.openqa.selenium.remote.service.DriverCommandExecutor.invokeExecute(DriverCommandExecutor.java:216)
at org.openqa.selenium.remote.service.DriverCommandExecutor.execute(DriverCommandExecutor.java:174)
at org.openqa.selenium.remote.RemoteWebDriver.execute(RemoteWebDriver.java:518)
at org.openqa.selenium.remote.ElementLocation$ElementFinder$2.findElement(ElementLocation.java:165)
at org.openqa.selenium.remote.ElementLocation.findElement(ElementLocation.java:59)
at org.openqa.selenium.remote.RemoteWebDriver.findElement(RemoteWebDriver.java:355)
at org.openqa.selenium.remote.RemoteWebDriver.findElement(RemoteWebDriver.java:349)
at com.example.pages.ItemBlock.viewbomreport(ItemBlock.java:67)
at tests.BomReportTest.validatebomreport(BomReportTest.java:29)
at java.base/jdk.internal.reflect.NativeMethodAccessorImpl.invoke0(Native Method)
at java.base/jdk.internal.reflect.NativeMethodAccessorImpl.invoke(NativeMethodAccessorImpl.java:62)
at java.base/jdk.internal.reflect.DelegatingMethodAccessorImpl.invoke(DelegatingMethodAccessorImpl.java:43)
at java.base/java.lang.reflect.Method.invoke(Method.java:566)
at org.testng.internal.invokers.MethodInvocationHelper.invokeMethod(MethodInvocationHelper.java:139)
at org.testng.internal.invokers.TestInvoker.invokeMethod(TestInvoker.java:664)
at org.testng.internal.invokers.TestInvoker.invokeTestMethod(TestInvoker.java:228)
at org.testng.internal.invokers.MethodRunner.runInSequence(MethodRunner.java:63)
at org.testng.internal.invokers.TestInvoker$MethodInvocationAgent.invoke(TestInvoker.java:961)
at org.testng.internal.invokers.TestInvoker.invokeTestMethods(TestInvoker.java:201)
at org.testng.internal.invokers.TestMethodWorker.invokeTestMethods(TestMethodWorker.java:148)
at org.testng.internal.invokers.TestMethodWorker.run(TestMethodWorker.java:128)
at java.base/java.util.ArrayList.forEach(ArrayList.java:1541)
at org.testng.TestRunner.privateRun(TestRunner.java:819)
at org.testng.TestRunner.run(TestRunner.java:619)
at org.testng.SuiteRunner.runTest(SuiteRunner.java:443)
at org.testng.SuiteRunner.runSequentially(SuiteRunner.java:437)
at org.testng.SuiteRunner.privateRun(SuiteRunner.java:397)
at org.testng.SuiteRunner.run(SuiteRunner.java:336)
at org.testng.SuiteRunnerWorker.runSuite(SuiteRunnerWorker.java:52)
at org.testng.SuiteRunnerWorker.run(SuiteRunnerWorker.java:95)
at org.testng.TestNG.runSuitesSequentially(TestNG.java:1301)
at org.testng.TestNG.runSuitesLocally(TestNG.java:1228)
at org.testng.TestNG.runSuites(TestNG.java:1134)
at org.testng.TestNG.run(TestNG.java:1101)
at org.apache.maven.surefire.testng.TestNGExecutor.run(TestNGExecutor.java:308)
at org.apache.maven.surefire.testng.TestNGXmlTestSuite.execute(TestNGXmlTestSuite.java:71)
at org.apache.maven.surefire.testng.TestNGProvider.invoke(TestNGProvider.java:113)
at org.apache.maven.surefire.booter.ForkedBooter.runSuitesInProcess(ForkedBooter.java:385)
at org.apache.maven.surefire.booter.ForkedBooter.execute(ForkedBooter.java:162)
at org.apache.maven.surefire.booter.ForkedBooter.run(ForkedBooter.java:507)
at org.apache.maven.surefire.booter.ForkedBooter.main(ForkedBooter.java:495)
]]>
            </full-stacktrace>
          </exception> <!-- org.openqa.selenium.NoSuchElementException -->
          <reporter-output>
          </reporter-output>
        </test-method> <!-- validatebomreport -->
        <test-method is-config="true" signature="tearDown()[pri:0, instance:tests.BomReportTest@1d9b7cce]" started-at="2025-07-15T18:39:57 PKT" name="tearDown" finished-at="2025-07-15T18:39:57 PKT" duration-ms="1" status="PASS">
          <reporter-output>
          </reporter-output>
        </test-method> <!-- tearDown -->
      </class> <!-- tests.BomReportTest -->
    </test> <!-- MyTests -->
  </suite> <!-- MySuite -->
</testng-results>
